#
# There is insufficient memory for the Java Runtime Environment to continue.
# Native memory allocation (malloc) failed to allocate 1203856 bytes. Error detail: Chunk::new
# Possible reasons:
#   The system is out of physical RAM or swap space
#   This process is running with CompressedOops enabled, and the Java Heap may be blocking the growth of the native heap
# Possible solutions:
#   Reduce memory load on the system
#   Increase physical memory or swap space
#   Check if swap backing store is full
#   Decrease Java heap size (-Xmx/-Xms)
#   Decrease number of Java threads
#   Decrease Java thread stack sizes (-Xss)
#   Set larger code cache with -XX:ReservedCodeCacheSize=
#   JVM is running with Unscaled Compressed Oops mode in which the Java heap is
#     placed in the first 4GB address space. The Java Heap base address is the
#     maximum limit for the native heap growth. Please use -XX:HeapBaseMinAddress
#     to set the Java Heap base and to place the Java Heap above 4GB virtual address.
# This output file may be truncated or incomplete.
#
#  Out of Memory Error (arena.cpp:168), pid=24144, tid=13604
#
# JRE version: OpenJDK Runtime Environment Temurin-21.0.7+6 (21.0.7+6) (build 21.0.7+6-LTS)
# Java VM: OpenJDK 64-Bit Server VM Temurin-21.0.7+6 (21.0.7+6-LTS, mixed mode, sharing, tiered, compressed oops, compressed class ptrs, parallel gc, windows-amd64)
# No core dump will be written. Minidumps are not enabled by default on client versions of Windows
#

---------------  S U M M A R Y ------------

Command Line: --add-modules=ALL-SYSTEM --add-opens=java.base/java.util=ALL-UNNAMED --add-opens=java.base/java.lang=ALL-UNNAMED --add-opens=java.base/sun.nio.fs=ALL-UNNAMED -Declipse.application=org.eclipse.jdt.ls.core.id1 -Dosgi.bundles.defaultStartLevel=4 -Declipse.product=org.eclipse.jdt.ls.core.product -Djava.import.generatesMetadataFilesAtProjectRoot=false -DDetectVMInstallationsJob.disabled=true -Dfile.encoding=utf8 -XX:+UseParallelGC -XX:GCTimeRatio=4 -XX:AdaptiveSizePolicyWeight=90 -Dsun.zip.disableMemoryMapping=true -Xmx1G -Xms100m -Xlog:disable -javaagent:c:\Users\Marck\.vscode\extensions\redhat.java-1.42.0-win32-x64\lombok\lombok-1.18.36.jar -XX:+HeapDumpOnOutOfMemoryError -XX:HeapDumpPath=c:\Users\Marck\AppData\Roaming\Code\User\workspaceStorage\779e8f4d66709563c7134166cadbffef\redhat.java -Daether.dependencyCollector.impl=bf c:\Users\Marck\.vscode\extensions\redhat.java-1.42.0-win32-x64\server\plugins\org.eclipse.equinox.launcher_1.7.0.v20250424-1814.jar -configuration c:\Users\Marck\AppData\Roaming\Code\User\globalStorage\redhat.java\1.42.0\config_win -data c:\Users\Marck\AppData\Roaming\Code\User\workspaceStorage\779e8f4d66709563c7134166cadbffef\redhat.java\jdt_ws --pipe=\\.\pipe\lsp-0324efcc5dd1c68cd3321dd2651c6977-sock

Host: AMD Ryzen 5 3600 6-Core Processor              , 12 cores, 15G,  Windows 11 , 64 bit Build 26100 (10.0.26100.3912)
Time: Thu May 22 08:53:22 2025 SA Western Standard Time elapsed time: 33.307717 seconds (0d 0h 0m 33s)

---------------  T H R E A D  ---------------

Current thread (0x0000028f7b62cc30):  JavaThread "C2 CompilerThread2" daemon [_thread_in_native, id=13604, stack(0x000000f760d00000,0x000000f760e00000) (1024K)]


Current CompileTask:
C2:33307 12639   !   4       org.eclipse.jdt.internal.compiler.classfmt.ClassFileReader::<init> (2135 bytes)

Stack: [0x000000f760d00000,0x000000f760e00000]
Native frames: (J=compiled Java code, j=interpreted, Vv=VM code, C=native code)
V  [jvm.dll+0x6ce119]
V  [jvm.dll+0x8a84a1]
V  [jvm.dll+0x8aa9ce]
V  [jvm.dll+0x8ab0b3]
V  [jvm.dll+0x27f8a6]
V  [jvm.dll+0xc507d]
V  [jvm.dll+0xc55b3]
V  [jvm.dll+0x3b692c]
V  [jvm.dll+0x1dfcaa]
V  [jvm.dll+0x247c42]
V  [jvm.dll+0x2470cf]
V  [jvm.dll+0x1c760e]
V  [jvm.dll+0x25695a]
V  [jvm.dll+0x254efa]
V  [jvm.dll+0x3f03f6]
V  [jvm.dll+0x851f6b]
V  [jvm.dll+0x6cc7dd]
C  [ucrtbase.dll+0x37b0]
C  [KERNEL32.DLL+0x2e8d7]
C  [ntdll.dll+0x9c5dc]


---------------  P R O C E S S  ---------------

Threads class SMR info:
_java_thread_list=0x0000028f7d093250, length=77, elements={
0x0000028f5beb0db0, 0x0000028f7029e060, 0x0000028f722a53a0, 0x0000028f722a7cf0,
0x0000028f722a9950, 0x0000028f722ac5b0, 0x0000028f722af010, 0x0000028f722afe40,
0x0000028f722cbe50, 0x0000028f5bf1d300, 0x0000028f72617140, 0x0000028f72b59230,
0x0000028f726989a0, 0x0000028f72890160, 0x0000028f72602a00, 0x0000028f72cc4b80,
0x0000028f7232ff50, 0x0000028f773a03b0, 0x0000028f7739e2e0, 0x0000028f7739e970,
0x0000028f7739f000, 0x0000028f773a1760, 0x0000028f7739fd20, 0x0000028f7739f690,
0x0000028f773a0a40, 0x0000028f773a10d0, 0x0000028f78b07340, 0x0000028f78b079d0,
0x0000028f78b08060, 0x0000028f78b06cb0, 0x0000028f78b086f0, 0x0000028f78b09410,
0x0000028f78b08d80, 0x0000028f78b09aa0, 0x0000028f78b06620, 0x0000028f78793b10,
0x0000028f78793480, 0x0000028f787920d0, 0x0000028f787941a0, 0x0000028f78794830,
0x0000028f78794ec0, 0x0000028f78792df0, 0x0000028f78796900, 0x0000028f787989d0,
0x0000028f78795550, 0x0000028f78797620, 0x0000028f78798340, 0x0000028f78799060,
0x0000028f78795be0, 0x0000028f787996f0, 0x0000028f7a0d5ac0, 0x0000028f7a0d6e70,
0x0000028f7a0d6150, 0x0000028f7a0d67e0, 0x0000028f7a0d7500, 0x0000028f7a0d4080,
0x0000028f7a0d7b90, 0x0000028f7a0d4710, 0x0000028f7a0d8220, 0x0000028f7a0d4da0,
0x0000028f7a0d5430, 0x0000028f7a0db6a0, 0x0000028f7a0da2f0, 0x0000028f7a0d95d0,
0x0000028f7a0d8f40, 0x0000028f7a0d88b0, 0x0000028f778e2d50, 0x0000028f778e4100,
0x0000028f778e33e0, 0x0000028f778e4790, 0x0000028f778e26c0, 0x0000028f778e4e20,
0x0000028f778e3a70, 0x0000028f778e19a0, 0x0000028f778e54b0, 0x0000028f7b62c560,
0x0000028f7b62cc30
}

Java Threads: ( => current thread )
  0x0000028f5beb0db0 JavaThread "main"                              [_thread_blocked, id=19076, stack(0x000000f75e700000,0x000000f75e800000) (1024K)]
  0x0000028f7029e060 JavaThread "Reference Handler"          daemon [_thread_blocked, id=25168, stack(0x000000f75ec00000,0x000000f75ed00000) (1024K)]
  0x0000028f722a53a0 JavaThread "Finalizer"                  daemon [_thread_blocked, id=6580, stack(0x000000f75ed00000,0x000000f75ee00000) (1024K)]
  0x0000028f722a7cf0 JavaThread "Signal Dispatcher"          daemon [_thread_blocked, id=25644, stack(0x000000f75ee00000,0x000000f75ef00000) (1024K)]
  0x0000028f722a9950 JavaThread "Attach Listener"            daemon [_thread_blocked, id=24588, stack(0x000000f75ef00000,0x000000f75f000000) (1024K)]
  0x0000028f722ac5b0 JavaThread "Service Thread"             daemon [_thread_blocked, id=18832, stack(0x000000f75f000000,0x000000f75f100000) (1024K)]
  0x0000028f722af010 JavaThread "Monitor Deflation Thread"   daemon [_thread_blocked, id=23600, stack(0x000000f75f100000,0x000000f75f200000) (1024K)]
  0x0000028f722afe40 JavaThread "C2 CompilerThread0"         daemon [_thread_in_native, id=4592, stack(0x000000f75f200000,0x000000f75f300000) (1024K)]
  0x0000028f722cbe50 JavaThread "C1 CompilerThread0"         daemon [_thread_blocked, id=28416, stack(0x000000f75f300000,0x000000f75f400000) (1024K)]
  0x0000028f5bf1d300 JavaThread "Common-Cleaner"             daemon [_thread_blocked, id=10568, stack(0x000000f75f400000,0x000000f75f500000) (1024K)]
  0x0000028f72617140 JavaThread "Notification Thread"        daemon [_thread_blocked, id=12548, stack(0x000000f75f600000,0x000000f75f700000) (1024K)]
  0x0000028f72b59230 JavaThread "Active Thread: Equinox Container: b45f65bf-4074-400b-9420-4decccc20cb1"        [_thread_blocked, id=25360, stack(0x000000f75ff00000,0x000000f760000000) (1024K)]
  0x0000028f726989a0 JavaThread "Refresh Thread: Equinox Container: b45f65bf-4074-400b-9420-4decccc20cb1" daemon [_thread_blocked, id=2960, stack(0x000000f75f700000,0x000000f75f800000) (1024K)]
  0x0000028f72890160 JavaThread "Framework Event Dispatcher: Equinox Container: b45f65bf-4074-400b-9420-4decccc20cb1" daemon [_thread_blocked, id=30644, stack(0x000000f760000000,0x000000f760100000) (1024K)]
  0x0000028f72602a00 JavaThread "Start Level: Equinox Container: b45f65bf-4074-400b-9420-4decccc20cb1" daemon [_thread_blocked, id=26532, stack(0x000000f760100000,0x000000f760200000) (1024K)]
  0x0000028f72cc4b80 JavaThread "Bundle File Closer"         daemon [_thread_blocked, id=9744, stack(0x000000f760400000,0x000000f760500000) (1024K)]
  0x0000028f7232ff50 JavaThread "SCR Component Actor"        daemon [_thread_blocked, id=29740, stack(0x000000f760500000,0x000000f760600000) (1024K)]
  0x0000028f773a03b0 JavaThread "Worker-JM"                         [_thread_blocked, id=28812, stack(0x000000f760700000,0x000000f760800000) (1024K)]
  0x0000028f7739e2e0 JavaThread "JNA Cleaner"                daemon [_thread_blocked, id=25788, stack(0x000000f760a00000,0x000000f760b00000) (1024K)]
  0x0000028f7739e970 JavaThread "Worker-0"                          [_thread_blocked, id=20536, stack(0x000000f760b00000,0x000000f760c00000) (1024K)]
  0x0000028f7739f000 JavaThread "Worker-1: Initialize Workspace"        [_thread_blocked, id=8944, stack(0x000000f760c00000,0x000000f760d00000) (1024K)]
  0x0000028f773a1760 JavaThread "Java indexing"              daemon [_thread_in_native, id=19692, stack(0x000000f760900000,0x000000f760a00000) (1024K)]
  0x0000028f7739fd20 JavaThread "Worker-2: Java indexing... "        [_thread_blocked, id=25000, stack(0x000000f761000000,0x000000f761100000) (1024K)]
  0x0000028f7739f690 JavaThread "Worker-3"                          [_thread_blocked, id=27828, stack(0x000000f761100000,0x000000f761200000) (1024K)]
  0x0000028f773a0a40 JavaThread "Worker-4: Initialize workspace"        [_thread_blocked, id=13280, stack(0x000000f761200000,0x000000f761300000) (1024K)]
  0x0000028f773a10d0 JavaThread "Thread-2"                   daemon [_thread_in_native, id=30648, stack(0x000000f761300000,0x000000f761400000) (1024K)]
  0x0000028f78b07340 JavaThread "Thread-3"                   daemon [_thread_in_native, id=26308, stack(0x000000f761400000,0x000000f761500000) (1024K)]
  0x0000028f78b079d0 JavaThread "Thread-4"                   daemon [_thread_in_native, id=27684, stack(0x000000f761500000,0x000000f761600000) (1024K)]
  0x0000028f78b08060 JavaThread "Thread-5"                   daemon [_thread_in_native, id=30076, stack(0x000000f761600000,0x000000f761700000) (1024K)]
  0x0000028f78b06cb0 JavaThread "Thread-6"                   daemon [_thread_in_native, id=15776, stack(0x000000f761700000,0x000000f761800000) (1024K)]
  0x0000028f78b086f0 JavaThread "Thread-7"                   daemon [_thread_in_native, id=28904, stack(0x000000f761800000,0x000000f761900000) (1024K)]
  0x0000028f78b09410 JavaThread "Thread-8"                   daemon [_thread_in_native, id=8188, stack(0x000000f761900000,0x000000f761a00000) (1024K)]
  0x0000028f78b08d80 JavaThread "Thread-9"                   daemon [_thread_in_native, id=22884, stack(0x000000f761a00000,0x000000f761b00000) (1024K)]
  0x0000028f78b09aa0 JavaThread "Thread-10"                  daemon [_thread_in_native, id=30636, stack(0x000000f761b00000,0x000000f761c00000) (1024K)]
  0x0000028f78b06620 JavaThread "Thread-11"                  daemon [_thread_in_native, id=8328, stack(0x000000f761c00000,0x000000f761d00000) (1024K)]
  0x0000028f78793b10 JavaThread "Thread-12"                  daemon [_thread_in_native, id=15848, stack(0x000000f761d00000,0x000000f761e00000) (1024K)]
  0x0000028f78793480 JavaThread "Thread-13"                  daemon [_thread_in_native, id=4756, stack(0x000000f761e00000,0x000000f761f00000) (1024K)]
  0x0000028f787920d0 JavaThread "Thread-14"                  daemon [_thread_in_native, id=29000, stack(0x000000f761f00000,0x000000f762000000) (1024K)]
  0x0000028f787941a0 JavaThread "pool-2-thread-1"                   [_thread_blocked, id=12012, stack(0x000000f762000000,0x000000f762100000) (1024K)]
  0x0000028f78794830 JavaThread "Worker-5"                          [_thread_blocked, id=7780, stack(0x000000f762100000,0x000000f762200000) (1024K)]
  0x0000028f78794ec0 JavaThread "WorkspaceEventsHandler"            [_thread_blocked, id=29924, stack(0x000000f762200000,0x000000f762300000) (1024K)]
  0x0000028f78792df0 JavaThread "pool-1-thread-1"                   [_thread_blocked, id=30592, stack(0x000000f762300000,0x000000f762400000) (1024K)]
  0x0000028f78796900 JavaThread "LocalFile Deleter"          daemon [_thread_blocked, id=30332, stack(0x000000f762400000,0x000000f762500000) (1024K)]
  0x0000028f787989d0 JavaThread "LocalFile Deleter"          daemon [_thread_blocked, id=10644, stack(0x000000f762500000,0x000000f762600000) (1024K)]
  0x0000028f78795550 JavaThread "LocalFile Deleter"          daemon [_thread_blocked, id=12300, stack(0x000000f762600000,0x000000f762700000) (1024K)]
  0x0000028f78797620 JavaThread "LocalFile Deleter"          daemon [_thread_blocked, id=8140, stack(0x000000f762700000,0x000000f762800000) (1024K)]
  0x0000028f78798340 JavaThread "LocalFile Deleter"          daemon [_thread_blocked, id=9380, stack(0x000000f762800000,0x000000f762900000) (1024K)]
  0x0000028f78799060 JavaThread "LocalFile Deleter"          daemon [_thread_blocked, id=24996, stack(0x000000f762900000,0x000000f762a00000) (1024K)]
  0x0000028f78795be0 JavaThread "LocalFile Deleter"          daemon [_thread_blocked, id=8252, stack(0x000000f762a00000,0x000000f762b00000) (1024K)]
  0x0000028f787996f0 JavaThread "LocalFile Deleter"          daemon [_thread_blocked, id=27308, stack(0x000000f762b00000,0x000000f762c00000) (1024K)]
  0x0000028f7a0d5ac0 JavaThread "LocalFile Deleter"          daemon [_thread_blocked, id=12020, stack(0x000000f762c00000,0x000000f762d00000) (1024K)]
  0x0000028f7a0d6e70 JavaThread "LocalFile Deleter"          daemon [_thread_blocked, id=1392, stack(0x000000f762d00000,0x000000f762e00000) (1024K)]
  0x0000028f7a0d6150 JavaThread "LocalFile Deleter"          daemon [_thread_blocked, id=20072, stack(0x000000f762e00000,0x000000f762f00000) (1024K)]
  0x0000028f7a0d67e0 JavaThread "LocalFile Deleter"          daemon [_thread_blocked, id=28604, stack(0x000000f762f00000,0x000000f763000000) (1024K)]
  0x0000028f7a0d7500 JavaThread "Compiler Source File Reader" daemon [_thread_blocked, id=11288, stack(0x000000f763000000,0x000000f763100000) (1024K)]
  0x0000028f7a0d4080 JavaThread "Compiler Source File Reader" daemon [_thread_blocked, id=27468, stack(0x000000f763100000,0x000000f763200000) (1024K)]
  0x0000028f7a0d7b90 JavaThread "Compiler Source File Reader" daemon [_thread_blocked, id=28872, stack(0x000000f763200000,0x000000f763300000) (1024K)]
  0x0000028f7a0d4710 JavaThread "Compiler Source File Reader" daemon [_thread_blocked, id=30516, stack(0x000000f763300000,0x000000f763400000) (1024K)]
  0x0000028f7a0d8220 JavaThread "Compiler Source File Reader" daemon [_thread_blocked, id=1860, stack(0x000000f763400000,0x000000f763500000) (1024K)]
  0x0000028f7a0d4da0 JavaThread "Compiler Source File Reader" daemon [_thread_blocked, id=26272, stack(0x000000f763500000,0x000000f763600000) (1024K)]
  0x0000028f7a0d5430 JavaThread "Compiler Source File Reader" daemon [_thread_blocked, id=28480, stack(0x000000f763600000,0x000000f763700000) (1024K)]
  0x0000028f7a0db6a0 JavaThread "Compiler Source File Reader" daemon [_thread_blocked, id=25716, stack(0x000000f763700000,0x000000f763800000) (1024K)]
  0x0000028f7a0da2f0 JavaThread "Compiler Source File Reader" daemon [_thread_blocked, id=11448, stack(0x000000f763800000,0x000000f763900000) (1024K)]
  0x0000028f7a0d95d0 JavaThread "Compiler Source File Reader" daemon [_thread_blocked, id=25332, stack(0x000000f763900000,0x000000f763a00000) (1024K)]
  0x0000028f7a0d8f40 JavaThread "Compiler Processing Task"   daemon [_thread_blocked, id=4856, stack(0x000000f760600000,0x000000f760700000) (1024K)]
  0x0000028f7a0d88b0 JavaThread "Compiler Class File Writer" daemon [_thread_blocked, id=27552, stack(0x000000f763a00000,0x000000f763b00000) (1024K)]
  0x0000028f778e2d50 JavaThread "Compiler Class File Writer" daemon [_thread_blocked, id=23460, stack(0x000000f763b00000,0x000000f763c00000) (1024K)]
  0x0000028f778e4100 JavaThread "Compiler Class File Writer" daemon [_thread_blocked, id=15020, stack(0x000000f763c00000,0x000000f763d00000) (1024K)]
  0x0000028f778e33e0 JavaThread "Compiler Class File Writer" daemon [_thread_blocked, id=25184, stack(0x000000f763d00000,0x000000f763e00000) (1024K)]
  0x0000028f778e4790 JavaThread "Compiler Class File Writer" daemon [_thread_blocked, id=14084, stack(0x000000f763e00000,0x000000f763f00000) (1024K)]
  0x0000028f778e26c0 JavaThread "Compiler Class File Writer" daemon [_thread_blocked, id=4060, stack(0x000000f763f00000,0x000000f764000000) (1024K)]
  0x0000028f778e4e20 JavaThread "Compiler Class File Writer" daemon [_thread_blocked, id=19500, stack(0x000000f764000000,0x000000f764100000) (1024K)]
  0x0000028f778e3a70 JavaThread "Compiler Class File Writer" daemon [_thread_blocked, id=19000, stack(0x000000f764100000,0x000000f764200000) (1024K)]
  0x0000028f778e19a0 JavaThread "Compiler Class File Writer" daemon [_thread_blocked, id=29848, stack(0x000000f764200000,0x000000f764300000) (1024K)]
  0x0000028f778e54b0 JavaThread "Compiler Class File Writer" daemon [_thread_blocked, id=1948, stack(0x000000f764300000,0x000000f764400000) (1024K)]
  0x0000028f7b62c560 JavaThread "C2 CompilerThread1"         daemon [_thread_in_native, id=13284, stack(0x000000f760800000,0x000000f760900000) (1024K)]
=>0x0000028f7b62cc30 JavaThread "C2 CompilerThread2"         daemon [_thread_in_native, id=13604, stack(0x000000f760d00000,0x000000f760e00000) (1024K)]
Total: 77

Other Threads:
  0x0000028f70285970 VMThread "VM Thread"                           [id=26064, stack(0x000000f75eb00000,0x000000f75ec00000) (1024K)]
  0x0000028f7017ca00 WatcherThread "VM Periodic Task Thread"        [id=25892, stack(0x000000f75ea00000,0x000000f75eb00000) (1024K)]
  0x0000028f5bed0130 WorkerThread "GC Thread#0"                     [id=4832, stack(0x000000f75e900000,0x000000f75ea00000) (1024K)]
  0x0000028f72915b30 WorkerThread "GC Thread#1"                     [id=15012, stack(0x000000f75f900000,0x000000f75fa00000) (1024K)]
  0x0000028f729162e0 WorkerThread "GC Thread#2"                     [id=24028, stack(0x000000f75fa00000,0x000000f75fb00000) (1024K)]
  0x0000028f72916680 WorkerThread "GC Thread#3"                     [id=24872, stack(0x000000f75fb00000,0x000000f75fc00000) (1024K)]
  0x0000028f72a88330 WorkerThread "GC Thread#4"                     [id=26172, stack(0x000000f75fc00000,0x000000f75fd00000) (1024K)]
  0x0000028f72a886d0 WorkerThread "GC Thread#5"                     [id=12452, stack(0x000000f75fd00000,0x000000f75fe00000) (1024K)]
  0x0000028f72a88a70 WorkerThread "GC Thread#6"                     [id=12848, stack(0x000000f75fe00000,0x000000f75ff00000) (1024K)]
  0x0000028f722f0730 WorkerThread "GC Thread#7"                     [id=27600, stack(0x000000f75f800000,0x000000f75f900000) (1024K)]
  0x0000028f72c554a0 WorkerThread "GC Thread#8"                     [id=30244, stack(0x000000f760200000,0x000000f760300000) (1024K)]
  0x0000028f72c55be0 WorkerThread "GC Thread#9"                     [id=8420, stack(0x000000f760300000,0x000000f760400000) (1024K)]
Total: 12

Threads with active compile tasks:
C2 CompilerThread0  34342 12652 %     4       org.eclipse.jdt.internal.core.index.DiskIndex::writeCategoryTable @ 22 (252 bytes)
C2 CompilerThread1  34342 12643   !   4       org.eclipse.jdt.internal.core.search.indexing.BinaryIndexer::indexDocument (1168 bytes)
C2 CompilerThread2  34342 12639   !   4       org.eclipse.jdt.internal.compiler.classfmt.ClassFileReader::<init> (2135 bytes)
Total: 3

VM state: not at safepoint (normal execution)

VM Mutex/Monitor currently owned by a thread: None

Heap address: 0x00000000c0000000, size: 1024 MB, Compressed Oops mode: 32-bit

CDS archive(s) mapped at: [0x0000028f00000000-0x0000028f00ba0000-0x0000028f00ba0000), size 12189696, SharedBaseAddress: 0x0000028f00000000, ArchiveRelocationMode: 1.
Compressed class space mapped at: 0x0000028f01000000-0x0000028f41000000, reserved size: 1073741824
Narrow klass base: 0x0000028f00000000, Narrow klass shift: 0, Narrow klass range: 0x100000000

GC Precious Log:
 CardTable entry size: 512
 CPUs: 12 total, 12 available
 Memory: 16296M
 Large Page Support: Disabled
 NUMA Support: Disabled
 Compressed Oops: Enabled (32-bit)
 Alignments: Space 512K, Generation 512K, Heap 2M
 Heap Min Capacity: 100M
 Heap Initial Capacity: 100M
 Heap Max Capacity: 1G
 Pre-touch: Disabled
 Parallel Workers: 10

Heap:
 PSYoungGen      total 2560K, used 2295K [0x00000000eab00000, 0x00000000eaf80000, 0x0000000100000000)
  eden space 2048K, 91% used [0x00000000eab00000,0x00000000eacd5dc0,0x00000000ead00000)
  from space 512K, 81% used [0x00000000eaf00000,0x00000000eaf68000,0x00000000eaf80000)
  to   space 512K, 0% used [0x00000000eae80000,0x00000000eae80000,0x00000000eaf00000)
 ParOldGen       total 504320K, used 504064K [0x00000000c0000000, 0x00000000dec80000, 0x00000000eab00000)
  object space 504320K, 99% used [0x00000000c0000000,0x00000000dec40200,0x00000000dec80000)
 Metaspace       used 63636K, committed 65152K, reserved 1114112K
  class space    used 6450K, committed 7104K, reserved 1048576K

Card table byte_map: [0x0000028f5b850000,0x0000028f5ba60000] _byte_map_base: 0x0000028f5b250000

Marking Bits: (ParMarkBitMap*) 0x00007ffa415631f0
 Begin Bits: [0x0000028f6e0a0000, 0x0000028f6f0a0000)
 End Bits:   [0x0000028f6f0a0000, 0x0000028f700a0000)

Polling page: 0x0000028f59eb0000

Metaspace:

Usage:
  Non-class:     55.85 MB used.
      Class:      6.30 MB used.
       Both:     62.15 MB used.

Virtual space:
  Non-class space:       64.00 MB reserved,      56.69 MB ( 89%) committed,  1 nodes.
      Class space:        1.00 GB reserved,       6.94 MB ( <1%) committed,  1 nodes.
             Both:        1.06 GB reserved,      63.62 MB (  6%) committed. 

Chunk freelists:
   Non-Class:  7.05 MB
       Class:  9.11 MB
        Both:  16.16 MB

MaxMetaspaceSize: unlimited
CompressedClassSpaceSize: 1.00 GB
Initial GC threshold: 21.00 MB
Current GC threshold: 97.31 MB
CDS: on
 - commit_granule_bytes: 65536.
 - commit_granule_words: 8192.
 - virtual_space_node_default_size: 8388608.
 - enlarge_chunks_in_place: 1.
 - use_allocation_guard: 0.


Internal statistics:

num_allocs_failed_limit: 11.
num_arena_births: 1244.
num_arena_deaths: 14.
num_vsnodes_births: 2.
num_vsnodes_deaths: 0.
num_space_committed: 1018.
num_space_uncommitted: 0.
num_chunks_returned_to_freelist: 25.
num_chunks_taken_from_freelist: 4294.
num_chunk_merges: 17.
num_chunk_splits: 2611.
num_chunks_enlarged: 1451.
num_inconsistent_stats: 0.

CodeHeap 'non-profiled nmethods': size=120000Kb used=9786Kb max_used=9786Kb free=110213Kb
 bounds [0x0000028f66b70000, 0x0000028f67500000, 0x0000028f6e0a0000]
CodeHeap 'profiled nmethods': size=120000Kb used=28426Kb max_used=28426Kb free=91573Kb
 bounds [0x0000028f5f0a0000, 0x0000028f60c70000, 0x0000028f665d0000]
CodeHeap 'non-nmethods': size=5760Kb used=1426Kb max_used=1507Kb free=4333Kb
 bounds [0x0000028f665d0000, 0x0000028f66840000, 0x0000028f66b70000]
 total_blobs=12581 nmethods=11845 adapters=641
 compilation: enabled
              stopped_count=0, restarted_count=0
 full_count=0

Compilation events (20 events):
Event: 31.788 Thread 0x0000028f722cbe50 nmethod 12640 0x0000028f60c42210 code [0x0000028f60c43180, 0x0000028f60c4e298]
Event: 31.791 Thread 0x0000028f722afe40 nmethod 12638 0x0000028f674dbe90 code [0x0000028f674dc200, 0x0000028f674de780]
Event: 31.861 Thread 0x0000028f722afe40 12641       4       org.eclipse.jdt.internal.core.search.JavaSearchDocument::<init> (21 bytes)
Event: 31.871 Thread 0x0000028f722afe40 nmethod 12641 0x0000028f674dfb10 code [0x0000028f674dfd20, 0x0000028f674e05d8]
Event: 31.871 Thread 0x0000028f722afe40 12642   !   4       org.eclipse.jdt.internal.compiler.util.Util::getZipEntryByteContent (84 bytes)
Event: 31.879 Thread 0x0000028f722afe40 nmethod 12642 0x0000028f674e0f10 code [0x0000028f674e11c0, 0x0000028f674e1f58]
Event: 31.966 Thread 0x0000028f7b62c560 nmethod 12542 0x0000028f674e2790 code [0x0000028f674e3420, 0x0000028f674eed68]
Event: 31.979 Thread 0x0000028f7b62c560 12643   !   4       org.eclipse.jdt.internal.core.search.indexing.BinaryIndexer::indexDocument (1168 bytes)
Event: 31.985 Thread 0x0000028f722afe40 12644       4       org.eclipse.jdt.internal.compiler.classfmt.ClassFileReader::isAnonymous (30 bytes)
Event: 31.986 Thread 0x0000028f722afe40 nmethod 12644 0x0000028f674f7b90 code [0x0000028f674f7d20, 0x0000028f674f7e10]
Event: 32.011 Thread 0x0000028f722afe40 12645       4       org.eclipse.jdt.internal.compiler.parser.Scanner::internalScanIdentifierOrKeyword (5041 bytes)
Event: 32.070 Thread 0x0000028f722afe40 nmethod 12645 0x0000028f674f7f10 code [0x0000028f674f84a0, 0x0000028f674faba0]
Event: 32.089 Thread 0x0000028f722afe40 12646       4       org.eclipse.jdt.internal.compiler.classfmt.ClassFileReader::<init> (31 bytes)
Event: 32.091 Thread 0x0000028f722afe40 nmethod 12646 0x0000028f674fb990 code [0x0000028f674fbb20, 0x0000028f674fbc20]
Event: 32.124 Thread 0x0000028f722cbe50 12647       3       org.eclipse.jdt.internal.compiler.parser.Scanner::internalScanIdentifierOrKeyword (5041 bytes)
Event: 32.136 Thread 0x0000028f722cbe50 nmethod 12647 0x0000028f60c50410 code [0x0000028f60c51380, 0x0000028f60c5c498]
Event: 32.164 Thread 0x0000028f722afe40 12648       4       org.eclipse.jdt.internal.core.search.indexing.AbstractIndexer::addDefaultConstructorDeclaration (21 bytes)
Event: 32.171 Thread 0x0000028f722afe40 nmethod 12648 0x0000028f674fbd10 code [0x0000028f674fbee0, 0x0000028f674fc3c0]
Event: 32.241 Thread 0x0000028f722afe40 12649 %     4       org.eclipse.jdt.internal.core.index.DiskIndex::computeDocumentNames @ 40 (607 bytes)
Event: 33.284 Thread 0x0000028f722afe40 nmethod 12649% 0x0000028f674fc790 code [0x0000028f674fca40, 0x0000028f674fdc38]

GC Heap History (20 events):
Event: 32.138 GC heap before
{Heap before GC invocations=714 (full 3):
 PSYoungGen      total 3584K, used 3520K [0x00000000eab00000, 0x00000000eaf80000, 0x0000000100000000)
  eden space 3072K, 100% used [0x00000000eab00000,0x00000000eae00000,0x00000000eae00000)
  from space 512K, 87% used [0x00000000eaf00000,0x00000000eaf70000,0x00000000eaf80000)
  to   space 512K, 0% used [0x00000000eae80000,0x00000000eae80000,0x00000000eaf00000)
 ParOldGen       total 482304K, used 481887K [0x00000000c0000000, 0x00000000dd700000, 0x00000000eab00000)
  object space 482304K, 99% used [0x00000000c0000000,0x00000000dd697c68,0x00000000dd700000)
 Metaspace       used 63635K, committed 65152K, reserved 1114112K
  class space    used 6450K, committed 7104K, reserved 1048576K
}
Event: 32.139 GC heap after
{Heap after GC invocations=714 (full 3):
 PSYoungGen      total 3584K, used 497K [0x00000000eab00000, 0x00000000eb000000, 0x0000000100000000)
  eden space 3072K, 0% used [0x00000000eab00000,0x00000000eab00000,0x00000000eae00000)
  from space 512K, 97% used [0x00000000eae80000,0x00000000eaefc608,0x00000000eaf00000)
  to   space 1024K, 0% used [0x00000000eaf00000,0x00000000eaf00000,0x00000000eb000000)
 ParOldGen       total 482304K, used 482223K [0x00000000c0000000, 0x00000000dd700000, 0x00000000eab00000)
  object space 482304K, 99% used [0x00000000c0000000,0x00000000dd6ebc68,0x00000000dd700000)
 Metaspace       used 63635K, committed 65152K, reserved 1114112K
  class space    used 6450K, committed 7104K, reserved 1048576K
}
Event: 32.149 GC heap before
{Heap before GC invocations=715 (full 3):
 PSYoungGen      total 3584K, used 3569K [0x00000000eab00000, 0x00000000eb000000, 0x0000000100000000)
  eden space 3072K, 100% used [0x00000000eab00000,0x00000000eae00000,0x00000000eae00000)
  from space 512K, 97% used [0x00000000eae80000,0x00000000eaefc608,0x00000000eaf00000)
  to   space 1024K, 0% used [0x00000000eaf00000,0x00000000eaf00000,0x00000000eb000000)
 ParOldGen       total 482304K, used 482223K [0x00000000c0000000, 0x00000000dd700000, 0x00000000eab00000)
  object space 482304K, 99% used [0x00000000c0000000,0x00000000dd6ebc68,0x00000000dd700000)
 Metaspace       used 63635K, committed 65152K, reserved 1114112K
  class space    used 6450K, committed 7104K, reserved 1048576K
}
Event: 32.152 GC heap after
{Heap after GC invocations=715 (full 3):
 PSYoungGen      total 4096K, used 608K [0x00000000eab00000, 0x00000000eb000000, 0x0000000100000000)
  eden space 3072K, 0% used [0x00000000eab00000,0x00000000eab00000,0x00000000eae00000)
  from space 1024K, 59% used [0x00000000eaf00000,0x00000000eaf98000,0x00000000eb000000)
  to   space 1024K, 0% used [0x00000000eae00000,0x00000000eae00000,0x00000000eaf00000)
 ParOldGen       total 482816K, used 482607K [0x00000000c0000000, 0x00000000dd780000, 0x00000000eab00000)
  object space 482816K, 99% used [0x00000000c0000000,0x00000000dd74bc68,0x00000000dd780000)
 Metaspace       used 63635K, committed 65152K, reserved 1114112K
  class space    used 6450K, committed 7104K, reserved 1048576K
}
Event: 32.161 GC heap before
{Heap before GC invocations=716 (full 3):
 PSYoungGen      total 4096K, used 3680K [0x00000000eab00000, 0x00000000eb000000, 0x0000000100000000)
  eden space 3072K, 100% used [0x00000000eab00000,0x00000000eae00000,0x00000000eae00000)
  from space 1024K, 59% used [0x00000000eaf00000,0x00000000eaf98000,0x00000000eb000000)
  to   space 1024K, 0% used [0x00000000eae00000,0x00000000eae00000,0x00000000eaf00000)
 ParOldGen       total 482816K, used 482607K [0x00000000c0000000, 0x00000000dd780000, 0x00000000eab00000)
  object space 482816K, 99% used [0x00000000c0000000,0x00000000dd74bc68,0x00000000dd780000)
 Metaspace       used 63635K, committed 65152K, reserved 1114112K
  class space    used 6450K, committed 7104K, reserved 1048576K
}
Event: 32.163 GC heap after
{Heap after GC invocations=716 (full 3):
 PSYoungGen      total 4096K, used 512K [0x00000000eab00000, 0x00000000eb000000, 0x0000000100000000)
  eden space 3072K, 0% used [0x00000000eab00000,0x00000000eab00000,0x00000000eae00000)
  from space 1024K, 50% used [0x00000000eae00000,0x00000000eae80000,0x00000000eaf00000)
  to   space 1024K, 0% used [0x00000000eaf00000,0x00000000eaf00000,0x00000000eb000000)
 ParOldGen       total 483328K, used 482959K [0x00000000c0000000, 0x00000000dd800000, 0x00000000eab00000)
  object space 483328K, 99% used [0x00000000c0000000,0x00000000dd7a3c68,0x00000000dd800000)
 Metaspace       used 63635K, committed 65152K, reserved 1114112K
  class space    used 6450K, committed 7104K, reserved 1048576K
}
Event: 32.173 GC heap before
{Heap before GC invocations=717 (full 3):
 PSYoungGen      total 4096K, used 3584K [0x00000000eab00000, 0x00000000eb000000, 0x0000000100000000)
  eden space 3072K, 100% used [0x00000000eab00000,0x00000000eae00000,0x00000000eae00000)
  from space 1024K, 50% used [0x00000000eae00000,0x00000000eae80000,0x00000000eaf00000)
  to   space 1024K, 0% used [0x00000000eaf00000,0x00000000eaf00000,0x00000000eb000000)
 ParOldGen       total 483328K, used 482959K [0x00000000c0000000, 0x00000000dd800000, 0x00000000eab00000)
  object space 483328K, 99% used [0x00000000c0000000,0x00000000dd7a3c68,0x00000000dd800000)
 Metaspace       used 63635K, committed 65152K, reserved 1114112K
  class space    used 6450K, committed 7104K, reserved 1048576K
}
Event: 32.175 GC heap after
{Heap after GC invocations=717 (full 3):
 PSYoungGen      total 4096K, used 544K [0x00000000eab00000, 0x00000000eb000000, 0x0000000100000000)
  eden space 3072K, 0% used [0x00000000eab00000,0x00000000eab00000,0x00000000eae00000)
  from space 1024K, 53% used [0x00000000eaf00000,0x00000000eaf88000,0x00000000eb000000)
  to   space 1024K, 0% used [0x00000000eae00000,0x00000000eae00000,0x00000000eaf00000)
 ParOldGen       total 483840K, used 483351K [0x00000000c0000000, 0x00000000dd880000, 0x00000000eab00000)
  object space 483840K, 99% used [0x00000000c0000000,0x00000000dd805c68,0x00000000dd880000)
 Metaspace       used 63635K, committed 65152K, reserved 1114112K
  class space    used 6450K, committed 7104K, reserved 1048576K
}
Event: 32.195 GC heap before
{Heap before GC invocations=718 (full 3):
 PSYoungGen      total 4096K, used 3616K [0x00000000eab00000, 0x00000000eb000000, 0x0000000100000000)
  eden space 3072K, 100% used [0x00000000eab00000,0x00000000eae00000,0x00000000eae00000)
  from space 1024K, 53% used [0x00000000eaf00000,0x00000000eaf88000,0x00000000eb000000)
  to   space 1024K, 0% used [0x00000000eae00000,0x00000000eae00000,0x00000000eaf00000)
 ParOldGen       total 483840K, used 483351K [0x00000000c0000000, 0x00000000dd880000, 0x00000000eab00000)
  object space 483840K, 99% used [0x00000000c0000000,0x00000000dd805c68,0x00000000dd880000)
 Metaspace       used 63635K, committed 65152K, reserved 1114112K
  class space    used 6450K, committed 7104K, reserved 1048576K
}
Event: 32.197 GC heap after
{Heap after GC invocations=718 (full 3):
 PSYoungGen      total 4096K, used 480K [0x00000000eab00000, 0x00000000eaf80000, 0x0000000100000000)
  eden space 3072K, 0% used [0x00000000eab00000,0x00000000eab00000,0x00000000eae00000)
  from space 1024K, 46% used [0x00000000eae00000,0x00000000eae78000,0x00000000eaf00000)
  to   space 512K, 0% used [0x00000000eaf00000,0x00000000eaf00000,0x00000000eaf80000)
 ParOldGen       total 483840K, used 483735K [0x00000000c0000000, 0x00000000dd880000, 0x00000000eab00000)
  object space 483840K, 99% used [0x00000000c0000000,0x00000000dd865c68,0x00000000dd880000)
 Metaspace       used 63635K, committed 65152K, reserved 1114112K
  class space    used 6450K, committed 7104K, reserved 1048576K
}
Event: 32.206 GC heap before
{Heap before GC invocations=719 (full 3):
 PSYoungGen      total 4096K, used 3552K [0x00000000eab00000, 0x00000000eaf80000, 0x0000000100000000)
  eden space 3072K, 100% used [0x00000000eab00000,0x00000000eae00000,0x00000000eae00000)
  from space 1024K, 46% used [0x00000000eae00000,0x00000000eae78000,0x00000000eaf00000)
  to   space 512K, 0% used [0x00000000eaf00000,0x00000000eaf00000,0x00000000eaf80000)
 ParOldGen       total 483840K, used 483735K [0x00000000c0000000, 0x00000000dd880000, 0x00000000eab00000)
  object space 483840K, 99% used [0x00000000c0000000,0x00000000dd865c68,0x00000000dd880000)
 Metaspace       used 63635K, committed 65152K, reserved 1114112K
  class space    used 6450K, committed 7104K, reserved 1048576K
}
Event: 32.208 GC heap after
{Heap after GC invocations=719 (full 3):
 PSYoungGen      total 3584K, used 416K [0x00000000eab00000, 0x00000000eaf80000, 0x0000000100000000)
  eden space 3072K, 0% used [0x00000000eab00000,0x00000000eab00000,0x00000000eae00000)
  from space 512K, 81% used [0x00000000eaf00000,0x00000000eaf68000,0x00000000eaf80000)
  to   space 512K, 0% used [0x00000000eae80000,0x00000000eae80000,0x00000000eaf00000)
 ParOldGen       total 484352K, used 484063K [0x00000000c0000000, 0x00000000dd900000, 0x00000000eab00000)
  object space 484352K, 99% used [0x00000000c0000000,0x00000000dd8b7c68,0x00000000dd900000)
 Metaspace       used 63635K, committed 65152K, reserved 1114112K
  class space    used 6450K, committed 7104K, reserved 1048576K
}
Event: 32.216 GC heap before
{Heap before GC invocations=720 (full 3):
 PSYoungGen      total 3584K, used 3488K [0x00000000eab00000, 0x00000000eaf80000, 0x0000000100000000)
  eden space 3072K, 100% used [0x00000000eab00000,0x00000000eae00000,0x00000000eae00000)
  from space 512K, 81% used [0x00000000eaf00000,0x00000000eaf68000,0x00000000eaf80000)
  to   space 512K, 0% used [0x00000000eae80000,0x00000000eae80000,0x00000000eaf00000)
 ParOldGen       total 484352K, used 484063K [0x00000000c0000000, 0x00000000dd900000, 0x00000000eab00000)
  object space 484352K, 99% used [0x00000000c0000000,0x00000000dd8b7c68,0x00000000dd900000)
 Metaspace       used 63635K, committed 65152K, reserved 1114112K
  class space    used 6450K, committed 7104K, reserved 1048576K
}
Event: 32.217 GC heap after
{Heap after GC invocations=720 (full 3):
 PSYoungGen      total 3584K, used 384K [0x00000000eab00000, 0x00000000eaf80000, 0x0000000100000000)
  eden space 3072K, 0% used [0x00000000eab00000,0x00000000eab00000,0x00000000eae00000)
  from space 512K, 75% used [0x00000000eae80000,0x00000000eaee0000,0x00000000eaf00000)
  to   space 512K, 0% used [0x00000000eaf00000,0x00000000eaf00000,0x00000000eaf80000)
 ParOldGen       total 484864K, used 484367K [0x00000000c0000000, 0x00000000dd980000, 0x00000000eab00000)
  object space 484864K, 99% used [0x00000000c0000000,0x00000000dd903c68,0x00000000dd980000)
 Metaspace       used 63635K, committed 65152K, reserved 1114112K
  class space    used 6450K, committed 7104K, reserved 1048576K
}
Event: 32.225 GC heap before
{Heap before GC invocations=721 (full 3):
 PSYoungGen      total 3584K, used 3456K [0x00000000eab00000, 0x00000000eaf80000, 0x0000000100000000)
  eden space 3072K, 100% used [0x00000000eab00000,0x00000000eae00000,0x00000000eae00000)
  from space 512K, 75% used [0x00000000eae80000,0x00000000eaee0000,0x00000000eaf00000)
  to   space 512K, 0% used [0x00000000eaf00000,0x00000000eaf00000,0x00000000eaf80000)
 ParOldGen       total 484864K, used 484367K [0x00000000c0000000, 0x00000000dd980000, 0x00000000eab00000)
  object space 484864K, 99% used [0x00000000c0000000,0x00000000dd903c68,0x00000000dd980000)
 Metaspace       used 63635K, committed 65152K, reserved 1114112K
  class space    used 6450K, committed 7104K, reserved 1048576K
}
Event: 32.226 GC heap after
{Heap after GC invocations=721 (full 3):
 PSYoungGen      total 3584K, used 416K [0x00000000eab00000, 0x00000000eaf80000, 0x0000000100000000)
  eden space 3072K, 0% used [0x00000000eab00000,0x00000000eab00000,0x00000000eae00000)
  from space 512K, 81% used [0x00000000eaf00000,0x00000000eaf68000,0x00000000eaf80000)
  to   space 512K, 0% used [0x00000000eae80000,0x00000000eae80000,0x00000000eaf00000)
 ParOldGen       total 484864K, used 484623K [0x00000000c0000000, 0x00000000dd980000, 0x00000000eab00000)
  object space 484864K, 99% used [0x00000000c0000000,0x00000000dd943c68,0x00000000dd980000)
 Metaspace       used 63635K, committed 65152K, reserved 1114112K
  class space    used 6450K, committed 7104K, reserved 1048576K
}
Event: 32.242 GC heap before
{Heap before GC invocations=722 (full 3):
 PSYoungGen      total 3584K, used 3476K [0x00000000eab00000, 0x00000000eaf80000, 0x0000000100000000)
  eden space 3072K, 99% used [0x00000000eab00000,0x00000000eadfd160,0x00000000eae00000)
  from space 512K, 81% used [0x00000000eaf00000,0x00000000eaf68000,0x00000000eaf80000)
  to   space 512K, 0% used [0x00000000eae80000,0x00000000eae80000,0x00000000eaf00000)
 ParOldGen       total 484864K, used 484623K [0x00000000c0000000, 0x00000000dd980000, 0x00000000eab00000)
  object space 484864K, 99% used [0x00000000c0000000,0x00000000dd943c68,0x00000000dd980000)
 Metaspace       used 63635K, committed 65152K, reserved 1114112K
  class space    used 6450K, committed 7104K, reserved 1048576K
}
Event: 32.244 GC heap after
{Heap after GC invocations=722 (full 3):
 PSYoungGen      total 3584K, used 480K [0x00000000eab00000, 0x00000000eaf80000, 0x0000000100000000)
  eden space 3072K, 0% used [0x00000000eab00000,0x00000000eab00000,0x00000000eae00000)
  from space 512K, 93% used [0x00000000eae80000,0x00000000eaef8000,0x00000000eaf00000)
  to   space 512K, 0% used [0x00000000eaf00000,0x00000000eaf00000,0x00000000eaf80000)
 ParOldGen       total 485376K, used 484959K [0x00000000c0000000, 0x00000000dda00000, 0x00000000eab00000)
  object space 485376K, 99% used [0x00000000c0000000,0x00000000dd997c68,0x00000000dda00000)
 Metaspace       used 63635K, committed 65152K, reserved 1114112K
  class space    used 6450K, committed 7104K, reserved 1048576K
}
Event: 32.266 GC heap before
{Heap before GC invocations=723 (full 3):
 PSYoungGen      total 3584K, used 3552K [0x00000000eab00000, 0x00000000eaf80000, 0x0000000100000000)
  eden space 3072K, 100% used [0x00000000eab00000,0x00000000eae00000,0x00000000eae00000)
  from space 512K, 93% used [0x00000000eae80000,0x00000000eaef8000,0x00000000eaf00000)
  to   space 512K, 0% used [0x00000000eaf00000,0x00000000eaf00000,0x00000000eaf80000)
 ParOldGen       total 485376K, used 484959K [0x00000000c0000000, 0x00000000dda00000, 0x00000000eab00000)
  object space 485376K, 99% used [0x00000000c0000000,0x00000000dd997c68,0x00000000dda00000)
 Metaspace       used 63635K, committed 65152K, reserved 1114112K
  class space    used 6450K, committed 7104K, reserved 1048576K
}
Event: 33.283 GC heap after
{Heap after GC invocations=723 (full 3):
 PSYoungGen      total 2560K, used 482K [0x00000000eab00000, 0x00000000eb200000, 0x0000000100000000)
  eden space 2048K, 0% used [0x00000000eab00000,0x00000000eab00000,0x00000000ead00000)
  from space 512K, 94% used [0x00000000eaf00000,0x00000000eaf78b50,0x00000000eaf80000)
  to   space 2048K, 0% used [0x00000000ead00000,0x00000000ead00000,0x00000000eaf00000)
 ParOldGen       total 486400K, used 486082K [0x00000000c0000000, 0x00000000ddb00000, 0x00000000eab00000)
  object space 486400K, 99% used [0x00000000c0000000,0x00000000ddab0968,0x00000000ddb00000)
 Metaspace       used 63635K, committed 65152K, reserved 1114112K
  class space    used 6450K, committed 7104K, reserved 1048576K
}

Dll operation events (10 events):
Event: 0.117 Loaded shared library c:\Users\Marck\.vscode\extensions\redhat.java-1.42.0-win32-x64\jre\21.0.7-win32-x86_64\bin\java.dll
Event: 0.237 Loaded shared library c:\Users\Marck\.vscode\extensions\redhat.java-1.42.0-win32-x64\jre\21.0.7-win32-x86_64\bin\zip.dll
Event: 0.262 Loaded shared library C:\Users\Marck\.vscode\extensions\redhat.java-1.42.0-win32-x64\jre\21.0.7-win32-x86_64\bin\instrument.dll
Event: 0.276 Loaded shared library C:\Users\Marck\.vscode\extensions\redhat.java-1.42.0-win32-x64\jre\21.0.7-win32-x86_64\bin\net.dll
Event: 0.293 Loaded shared library C:\Users\Marck\.vscode\extensions\redhat.java-1.42.0-win32-x64\jre\21.0.7-win32-x86_64\bin\nio.dll
Event: 0.299 Loaded shared library C:\Users\Marck\.vscode\extensions\redhat.java-1.42.0-win32-x64\jre\21.0.7-win32-x86_64\bin\zip.dll
Event: 0.329 Loaded shared library C:\Users\Marck\.vscode\extensions\redhat.java-1.42.0-win32-x64\jre\21.0.7-win32-x86_64\bin\jimage.dll
Event: 0.427 Loaded shared library c:\Users\Marck\.vscode\extensions\redhat.java-1.42.0-win32-x64\jre\21.0.7-win32-x86_64\bin\verify.dll
Event: 6.017 Loaded shared library C:\Users\Marck\AppData\Roaming\Code\User\globalStorage\redhat.java\1.42.0\config_win\org.eclipse.equinox.launcher\org.eclipse.equinox.launcher.win32.win32.x86_64_1.2.1300.v20250331-1702\eclipse_11911.dll
Event: 13.423 Loaded shared library C:\Users\Marck\AppData\Local\Temp\jna-80278588\jna10057250247453010833.dll

Deoptimization events (20 events):
Event: 32.158 Thread 0x0000028f773a1760 DEOPT PACKING pc=0x0000028f60bb15aa sp=0x000000f7609fed10
Event: 32.158 Thread 0x0000028f773a1760 DEOPT UNPACKING pc=0x0000028f66624242 sp=0x000000f7609fe298 mode 0
Event: 32.167 Thread 0x0000028f773a1760 DEOPT PACKING pc=0x0000028f60bb15aa sp=0x000000f7609fed10
Event: 32.167 Thread 0x0000028f773a1760 DEOPT UNPACKING pc=0x0000028f66624242 sp=0x000000f7609fe298 mode 0
Event: 32.190 Thread 0x0000028f773a1760 DEOPT PACKING pc=0x0000028f60bb15aa sp=0x000000f7609fed10
Event: 32.190 Thread 0x0000028f773a1760 DEOPT UNPACKING pc=0x0000028f66624242 sp=0x000000f7609fe298 mode 0
Event: 32.203 Thread 0x0000028f773a1760 DEOPT PACKING pc=0x0000028f60bb15aa sp=0x000000f7609fed10
Event: 32.203 Thread 0x0000028f773a1760 DEOPT UNPACKING pc=0x0000028f66624242 sp=0x000000f7609fe298 mode 0
Event: 32.227 Thread 0x0000028f773a1760 DEOPT PACKING pc=0x0000028f60bb15aa sp=0x000000f7609fed10
Event: 32.227 Thread 0x0000028f773a1760 DEOPT UNPACKING pc=0x0000028f66624242 sp=0x000000f7609fe298 mode 0
Event: 32.246 Thread 0x0000028f773a1760 DEOPT PACKING pc=0x0000028f608f8933 sp=0x000000f7609fed20
Event: 32.246 Thread 0x0000028f773a1760 DEOPT UNPACKING pc=0x0000028f66624242 sp=0x000000f7609fe218 mode 0
Event: 32.246 Thread 0x0000028f773a1760 Uncommon trap: trap_request=0xffffff45 fr.pc=0x0000028f672f084c relative=0x000000000000028c
Event: 32.246 Thread 0x0000028f773a1760 Uncommon trap: reason=unstable_if action=reinterpret pc=0x0000028f672f084c method=org.eclipse.jdt.internal.core.index.DiskIndex.computeDocumentNames([Ljava/lang/String;[ILorg/eclipse/jdt/internal/compiler/util/SimpleLookupTable;Lorg/eclipse/jdt/internal/c
Event: 32.246 Thread 0x0000028f773a1760 DEOPT PACKING pc=0x0000028f672f084c sp=0x000000f7609fedd0
Event: 32.246 Thread 0x0000028f773a1760 DEOPT UNPACKING pc=0x0000028f66623aa2 sp=0x000000f7609fed28 mode 2
Event: 32.250 Thread 0x0000028f773a1760 Uncommon trap: trap_request=0xffffff45 fr.pc=0x0000028f672fff40 relative=0x00000000000006a0
Event: 32.250 Thread 0x0000028f773a1760 Uncommon trap: reason=unstable_if action=reinterpret pc=0x0000028f672fff40 method=org.eclipse.jdt.internal.core.index.DiskIndex.computeDocumentNames([Ljava/lang/String;[ILorg/eclipse/jdt/internal/compiler/util/SimpleLookupTable;Lorg/eclipse/jdt/internal/c
Event: 32.250 Thread 0x0000028f773a1760 DEOPT PACKING pc=0x0000028f672fff40 sp=0x000000f7609fedb0
Event: 32.250 Thread 0x0000028f773a1760 DEOPT UNPACKING pc=0x0000028f66623aa2 sp=0x000000f7609fed28 mode 2

Classes loaded (20 events):
Event: 28.765 Loading class java/util/regex/Pattern$SliceU
Event: 28.766 Loading class java/util/regex/Pattern$SliceU done
Event: 28.766 Loading class sun/nio/fs/WindowsFileSystem$2
Event: 28.766 Loading class java/nio/file/PathMatcher
Event: 28.766 Loading class java/nio/file/PathMatcher done
Event: 28.766 Loading class sun/nio/fs/WindowsFileSystem$2 done
Event: 28.997 Loading class java/util/Collections$SynchronizedRandomAccessList
Event: 28.997 Loading class java/util/Collections$SynchronizedList
Event: 28.997 Loading class java/util/Collections$SynchronizedList done
Event: 28.997 Loading class java/util/Collections$SynchronizedRandomAccessList done
Event: 29.003 Loading class java/util/concurrent/CompletableFuture$Signaller
Event: 29.003 Loading class java/util/concurrent/CompletableFuture$Signaller done
Event: 29.136 Loading class sun/nio/fs/WindowsFileCopy
Event: 29.136 Loading class sun/nio/fs/WindowsFileCopy done
Event: 31.489 Loading class sun/nio/cs/ISO_8859_1$Encoder
Event: 31.489 Loading class sun/nio/cs/ISO_8859_1$Encoder done
Event: 31.489 Loading class sun/nio/cs/Surrogate$Parser
Event: 31.489 Loading class sun/nio/cs/Surrogate$Parser done
Event: 31.489 Loading class sun/nio/cs/Surrogate
Event: 31.492 Loading class sun/nio/cs/Surrogate done

Classes unloaded (7 events):
Event: 14.183 Thread 0x0000028f70285970 Unloading class 0x0000028f011a3c00 'java/lang/invoke/LambdaForm$MH+0x0000028f011a3c00'
Event: 14.183 Thread 0x0000028f70285970 Unloading class 0x0000028f011a3800 'java/lang/invoke/LambdaForm$MH+0x0000028f011a3800'
Event: 14.183 Thread 0x0000028f70285970 Unloading class 0x0000028f011a3400 'java/lang/invoke/LambdaForm$MH+0x0000028f011a3400'
Event: 14.183 Thread 0x0000028f70285970 Unloading class 0x0000028f011a3000 'java/lang/invoke/LambdaForm$MH+0x0000028f011a3000'
Event: 14.183 Thread 0x0000028f70285970 Unloading class 0x0000028f011a2c00 'java/lang/invoke/LambdaForm$BMH+0x0000028f011a2c00'
Event: 14.183 Thread 0x0000028f70285970 Unloading class 0x0000028f011a2800 'java/lang/invoke/LambdaForm$DMH+0x0000028f011a2800'
Event: 14.183 Thread 0x0000028f70285970 Unloading class 0x0000028f011a1400 'java/lang/invoke/LambdaForm$DMH+0x0000028f011a1400'

Classes redefined (0 events):
No events

Internal exceptions (20 events):
Event: 28.960 Thread 0x0000028f7739f000 Exception <a 'sun/nio/fs/WindowsException'{0x00000000eabfb8f8}> (0x00000000eabfb8f8) 
thrown [s\src\hotspot\share\prims\jni.cpp, line 520]
Event: 28.960 Thread 0x0000028f7739f000 Exception <a 'sun/nio/fs/WindowsException'{0x00000000eabfbf78}> (0x00000000eabfbf78) 
thrown [s\src\hotspot\share\prims\jni.cpp, line 520]
Event: 28.960 Thread 0x0000028f7739f000 Exception <a 'sun/nio/fs/WindowsException'{0x00000000eabfc5f8}> (0x00000000eabfc5f8) 
thrown [s\src\hotspot\share\prims\jni.cpp, line 520]
Event: 28.960 Thread 0x0000028f7739f000 Exception <a 'sun/nio/fs/WindowsException'{0x00000000eabfcc90}> (0x00000000eabfcc90) 
thrown [s\src\hotspot\share\prims\jni.cpp, line 520]
Event: 28.961 Thread 0x0000028f7739f000 Exception <a 'sun/nio/fs/WindowsException'{0x00000000eac00330}> (0x00000000eac00330) 
thrown [s\src\hotspot\share\prims\jni.cpp, line 520]
Event: 28.961 Thread 0x0000028f7739f000 Exception <a 'sun/nio/fs/WindowsException'{0x00000000eac009c0}> (0x00000000eac009c0) 
thrown [s\src\hotspot\share\prims\jni.cpp, line 520]
Event: 28.961 Thread 0x0000028f7739f000 Exception <a 'sun/nio/fs/WindowsException'{0x00000000eac01050}> (0x00000000eac01050) 
thrown [s\src\hotspot\share\prims\jni.cpp, line 520]
Event: 28.961 Thread 0x0000028f7739f000 Exception <a 'sun/nio/fs/WindowsException'{0x00000000eac01980}> (0x00000000eac01980) 
thrown [s\src\hotspot\share\prims\jni.cpp, line 520]
Event: 28.961 Thread 0x0000028f7739f000 Exception <a 'sun/nio/fs/WindowsException'{0x00000000eac05260}> (0x00000000eac05260) 
thrown [s\src\hotspot\share\prims\jni.cpp, line 520]
Event: 28.961 Thread 0x0000028f7739f000 Exception <a 'sun/nio/fs/WindowsException'{0x00000000eac05910}> (0x00000000eac05910) 
thrown [s\src\hotspot\share\prims\jni.cpp, line 520]
Event: 28.961 Thread 0x0000028f7739f000 Exception <a 'sun/nio/fs/WindowsException'{0x00000000eac05fc0}> (0x00000000eac05fc0) 
thrown [s\src\hotspot\share\prims\jni.cpp, line 520]
Event: 28.961 Thread 0x0000028f7739f000 Exception <a 'sun/nio/fs/WindowsException'{0x00000000eac06688}> (0x00000000eac06688) 
thrown [s\src\hotspot\share\prims\jni.cpp, line 520]
Event: 29.003 Thread 0x0000028f78792df0 Exception <a 'java/lang/IncompatibleClassChangeError'{0x00000000eabcf3c8}: Found class java.lang.Object, but interface was expected> (0x00000000eabcf3c8) 
thrown [s\src\hotspot\share\interpreter\linkResolver.cpp, line 840]
Event: 29.136 Thread 0x0000028f773a1760 Exception <a 'sun/nio/fs/WindowsException'{0x00000000eab785e8}> (0x00000000eab785e8) 
thrown [s\src\hotspot\share\prims\jni.cpp, line 520]
Event: 29.161 Thread 0x0000028f773a1760 Exception <a 'sun/nio/fs/WindowsException'{0x00000000eabb4998}> (0x00000000eabb4998) 
thrown [s\src\hotspot\share\prims\jni.cpp, line 520]
Event: 29.179 Thread 0x0000028f773a1760 Exception <a 'sun/nio/fs/WindowsException'{0x00000000eab03770}> (0x00000000eab03770) 
thrown [s\src\hotspot\share\prims\jni.cpp, line 520]
Event: 29.522 Thread 0x0000028f773a1760 Exception <a 'sun/nio/fs/WindowsException'{0x00000000eab88dd8}> (0x00000000eab88dd8) 
thrown [s\src\hotspot\share\prims\jni.cpp, line 520]
Event: 29.541 Thread 0x0000028f773a1760 Exception <a 'sun/nio/fs/WindowsException'{0x00000000eab9f9e8}> (0x00000000eab9f9e8) 
thrown [s\src\hotspot\share\prims\jni.cpp, line 520]
Event: 29.587 Thread 0x0000028f773a1760 Exception <a 'sun/nio/fs/WindowsException'{0x00000000eac8f160}> (0x00000000eac8f160) 
thrown [s\src\hotspot\share\prims\jni.cpp, line 520]
Event: 29.692 Thread 0x0000028f773a1760 Exception <a 'sun/nio/fs/WindowsException'{0x00000000eab99618}> (0x00000000eab99618) 
thrown [s\src\hotspot\share\prims\jni.cpp, line 520]

ZGC Phase Switch (0 events):
No events

VM Operations (20 events):
Event: 32.138 Executing VM operation: ParallelGCFailedAllocation (Allocation Failure)
Event: 32.139 Executing VM operation: ParallelGCFailedAllocation (Allocation Failure) done
Event: 32.149 Executing VM operation: ParallelGCFailedAllocation (Allocation Failure)
Event: 32.152 Executing VM operation: ParallelGCFailedAllocation (Allocation Failure) done
Event: 32.161 Executing VM operation: ParallelGCFailedAllocation (Allocation Failure)
Event: 32.163 Executing VM operation: ParallelGCFailedAllocation (Allocation Failure) done
Event: 32.173 Executing VM operation: ParallelGCFailedAllocation (Allocation Failure)
Event: 32.175 Executing VM operation: ParallelGCFailedAllocation (Allocation Failure) done
Event: 32.195 Executing VM operation: ParallelGCFailedAllocation (Allocation Failure)
Event: 32.197 Executing VM operation: ParallelGCFailedAllocation (Allocation Failure) done
Event: 32.206 Executing VM operation: ParallelGCFailedAllocation (Allocation Failure)
Event: 32.208 Executing VM operation: ParallelGCFailedAllocation (Allocation Failure) done
Event: 32.216 Executing VM operation: ParallelGCFailedAllocation (Allocation Failure)
Event: 32.217 Executing VM operation: ParallelGCFailedAllocation (Allocation Failure) done
Event: 32.224 Executing VM operation: ParallelGCFailedAllocation (Allocation Failure)
Event: 32.226 Executing VM operation: ParallelGCFailedAllocation (Allocation Failure) done
Event: 32.242 Executing VM operation: ParallelGCFailedAllocation (Allocation Failure)
Event: 32.244 Executing VM operation: ParallelGCFailedAllocation (Allocation Failure) done
Event: 32.266 Executing VM operation: ParallelGCFailedAllocation (Allocation Failure)
Event: 33.283 Executing VM operation: ParallelGCFailedAllocation (Allocation Failure) done

Memory protections (0 events):
No events

Nmethod flushes (20 events):
Event: 22.412 Thread 0x0000028f70285970 flushing  nmethod 0x0000028f5f979490
Event: 22.412 Thread 0x0000028f70285970 flushing  nmethod 0x0000028f5f97b310
Event: 22.412 Thread 0x0000028f70285970 flushing  nmethod 0x0000028f5f97fe10
Event: 22.412 Thread 0x0000028f70285970 flushing  nmethod 0x0000028f5f981310
Event: 22.412 Thread 0x0000028f70285970 flushing  nmethod 0x0000028f5f981790
Event: 22.412 Thread 0x0000028f70285970 flushing  nmethod 0x0000028f5f982e90
Event: 22.412 Thread 0x0000028f70285970 flushing  nmethod 0x0000028f5f986190
Event: 22.412 Thread 0x0000028f70285970 flushing  nmethod 0x0000028f5f98e290
Event: 22.412 Thread 0x0000028f70285970 flushing  nmethod 0x0000028f5f993590
Event: 22.412 Thread 0x0000028f70285970 flushing  nmethod 0x0000028f5f9a6b90
Event: 22.412 Thread 0x0000028f70285970 flushing  nmethod 0x0000028f5f9b7490
Event: 22.412 Thread 0x0000028f70285970 flushing  nmethod 0x0000028f5f9be310
Event: 22.412 Thread 0x0000028f70285970 flushing  nmethod 0x0000028f5f9c6790
Event: 22.412 Thread 0x0000028f70285970 flushing  nmethod 0x0000028f5f9d5b10
Event: 22.412 Thread 0x0000028f70285970 flushing  nmethod 0x0000028f5f9ef390
Event: 22.412 Thread 0x0000028f70285970 flushing osr nmethod 0x0000028f5f9f7210
Event: 22.412 Thread 0x0000028f70285970 flushing  nmethod 0x0000028f5fa0de10
Event: 22.412 Thread 0x0000028f70285970 flushing  nmethod 0x0000028f5fa0f910
Event: 22.412 Thread 0x0000028f70285970 flushing  nmethod 0x0000028f5fa19d10
Event: 22.412 Thread 0x0000028f70285970 flushing  nmethod 0x0000028f5fa1bd10

Events (20 events):
Event: 27.648 Thread 0x0000028f778e7c10 Thread exited: 0x0000028f778e7c10
Event: 27.648 Thread 0x0000028f778e6ef0 Thread exited: 0x0000028f778e6ef0
Event: 27.648 Thread 0x0000028f778e82a0 Thread exited: 0x0000028f778e82a0
Event: 27.648 Thread 0x0000028f778e7580 Thread exited: 0x0000028f778e7580
Event: 27.648 Thread 0x0000028f778e6860 Thread exited: 0x0000028f778e6860
Event: 28.026 Thread 0x0000028f7b62e0a0 Thread exited: 0x0000028f7b62e0a0
Event: 28.151 Thread 0x0000028f722cbe50 Thread added: 0x0000028f7b62c560
Event: 28.248 Thread 0x0000028f773a0a40 Thread added: 0x0000028f7c79f580
Event: 28.248 Thread 0x0000028f773a0a40 Thread added: 0x0000028f7c7a1ce0
Event: 28.248 Thread 0x0000028f773a0a40 Thread added: 0x0000028f7c79eef0
Event: 28.249 Thread 0x0000028f773a0a40 Thread added: 0x0000028f7c7a02a0
Event: 28.249 Thread 0x0000028f773a0a40 Thread added: 0x0000028f7c7a0fc0
Event: 28.446 Thread 0x0000028f7c7a1ce0 Thread exited: 0x0000028f7c7a1ce0
Event: 28.446 Thread 0x0000028f7c79eef0 Thread exited: 0x0000028f7c79eef0
Event: 28.446 Thread 0x0000028f7c7a0fc0 Thread exited: 0x0000028f7c7a0fc0
Event: 28.446 Thread 0x0000028f7c79f580 Thread exited: 0x0000028f7c79f580
Event: 28.446 Thread 0x0000028f7c7a02a0 Thread exited: 0x0000028f7c7a02a0
Event: 28.680 Thread 0x0000028f722cbe50 Thread added: 0x0000028f7b62cc30
Event: 31.384 Thread 0x0000028f7b62cc30 Thread exited: 0x0000028f7b62cc30
Event: 31.431 Thread 0x0000028f722cbe50 Thread added: 0x0000028f7b62cc30


Dynamic libraries:
0x00007ff7a91b0000 - 0x00007ff7a91be000 	c:\Users\Marck\.vscode\extensions\redhat.java-1.42.0-win32-x64\jre\21.0.7-win32-x86_64\bin\java.exe
0x00007ffaf6da0000 - 0x00007ffaf7006000 	C:\WINDOWS\SYSTEM32\ntdll.dll
0x00007ffaf5900000 - 0x00007ffaf59c9000 	C:\WINDOWS\System32\KERNEL32.DLL
0x00007ffaf42d0000 - 0x00007ffaf469c000 	C:\WINDOWS\System32\KERNELBASE.dll
0x00007ffaf48d0000 - 0x00007ffaf4a1b000 	C:\WINDOWS\System32\ucrtbase.dll
0x00007ffad1d70000 - 0x00007ffad1d88000 	c:\Users\Marck\.vscode\extensions\redhat.java-1.42.0-win32-x64\jre\21.0.7-win32-x86_64\bin\jli.dll
0x00007ffaf69a0000 - 0x00007ffaf6b6a000 	C:\WINDOWS\System32\USER32.dll
0x00007ffaf4760000 - 0x00007ffaf4787000 	C:\WINDOWS\System32\win32u.dll
0x00007ffaf4e20000 - 0x00007ffaf4e4b000 	C:\WINDOWS\System32\GDI32.dll
0x00007ffaf4a20000 - 0x00007ffaf4b52000 	C:\WINDOWS\System32\gdi32full.dll
0x00007ffaf4820000 - 0x00007ffaf48c3000 	C:\WINDOWS\System32\msvcp_win.dll
0x00007ffad1c00000 - 0x00007ffad1c1e000 	c:\Users\Marck\.vscode\extensions\redhat.java-1.42.0-win32-x64\jre\21.0.7-win32-x86_64\bin\VCRUNTIME140.dll
0x00007ffad6000000 - 0x00007ffad629a000 	C:\WINDOWS\WinSxS\amd64_microsoft.windows.common-controls_6595b64144ccf1df_6.0.26100.3912_none_3e07963ce335137e\COMCTL32.dll
0x00007ffaf5b40000 - 0x00007ffaf5be9000 	C:\WINDOWS\System32\msvcrt.dll
0x00007ffaf6960000 - 0x00007ffaf6990000 	C:\WINDOWS\System32\IMM32.DLL
0x00007ffad4be0000 - 0x00007ffad4bec000 	c:\Users\Marck\.vscode\extensions\redhat.java-1.42.0-win32-x64\jre\21.0.7-win32-x86_64\bin\vcruntime140_1.dll
0x00007ffa4d6f0000 - 0x00007ffa4d77d000 	c:\Users\Marck\.vscode\extensions\redhat.java-1.42.0-win32-x64\jre\21.0.7-win32-x86_64\bin\msvcp140.dll
0x00007ffa408b0000 - 0x00007ffa41640000 	c:\Users\Marck\.vscode\extensions\redhat.java-1.42.0-win32-x64\jre\21.0.7-win32-x86_64\bin\server\jvm.dll
0x00007ffaf6850000 - 0x00007ffaf6902000 	C:\WINDOWS\System32\ADVAPI32.dll
0x00007ffaf5850000 - 0x00007ffaf58f6000 	C:\WINDOWS\System32\sechost.dll
0x00007ffaf5590000 - 0x00007ffaf56a6000 	C:\WINDOWS\System32\RPCRT4.dll
0x00007ffaf6080000 - 0x00007ffaf60f4000 	C:\WINDOWS\System32\WS2_32.dll
0x00007ffaf30c0000 - 0x00007ffaf311e000 	C:\WINDOWS\SYSTEM32\POWRPROF.dll
0x00007ffaec310000 - 0x00007ffaec346000 	C:\WINDOWS\SYSTEM32\WINMM.dll
0x00007ffaec9e0000 - 0x00007ffaec9eb000 	C:\WINDOWS\SYSTEM32\VERSION.dll
0x00007ffaf3070000 - 0x00007ffaf3084000 	C:\WINDOWS\SYSTEM32\UMPDC.dll
0x00007ffaf2d60000 - 0x00007ffaf2d7a000 	C:\WINDOWS\SYSTEM32\kernel.appcore.dll
0x00007ffad3db0000 - 0x00007ffad3dba000 	c:\Users\Marck\.vscode\extensions\redhat.java-1.42.0-win32-x64\jre\21.0.7-win32-x86_64\bin\jimage.dll
0x00007ffaf17a0000 - 0x00007ffaf19e1000 	C:\WINDOWS\SYSTEM32\DBGHELP.DLL
0x00007ffaf6400000 - 0x00007ffaf6784000 	C:\WINDOWS\System32\combase.dll
0x00007ffaf6100000 - 0x00007ffaf61e0000 	C:\WINDOWS\System32\OLEAUT32.dll
0x00007ffae1090000 - 0x00007ffae10c9000 	C:\WINDOWS\SYSTEM32\dbgcore.DLL
0x00007ffaf40b0000 - 0x00007ffaf4149000 	C:\WINDOWS\System32\bcryptPrimitives.dll
0x00007ffad3c50000 - 0x00007ffad3c5f000 	c:\Users\Marck\.vscode\extensions\redhat.java-1.42.0-win32-x64\jre\21.0.7-win32-x86_64\bin\instrument.dll
0x00007ffad0760000 - 0x00007ffad077f000 	c:\Users\Marck\.vscode\extensions\redhat.java-1.42.0-win32-x64\jre\21.0.7-win32-x86_64\bin\java.dll
0x00007ffaf4e60000 - 0x00007ffaf558d000 	C:\WINDOWS\System32\SHELL32.dll
0x00007ffaf4150000 - 0x00007ffaf42c4000 	C:\WINDOWS\System32\wintypes.dll
0x00007ffaf1be0000 - 0x00007ffaf2436000 	C:\WINDOWS\SYSTEM32\windows.storage.dll
0x00007ffaf5a40000 - 0x00007ffaf5b2f000 	C:\WINDOWS\System32\SHCORE.dll
0x00007ffaf59d0000 - 0x00007ffaf5a39000 	C:\WINDOWS\System32\shlwapi.dll
0x00007ffaf3e40000 - 0x00007ffaf3e6f000 	C:\WINDOWS\SYSTEM32\profapi.dll
0x00007fface900000 - 0x00007fface918000 	c:\Users\Marck\.vscode\extensions\redhat.java-1.42.0-win32-x64\jre\21.0.7-win32-x86_64\bin\zip.dll
0x00007ffad3750000 - 0x00007ffad3760000 	C:\Users\Marck\.vscode\extensions\redhat.java-1.42.0-win32-x64\jre\21.0.7-win32-x86_64\bin\net.dll
0x00007ffae9cf0000 - 0x00007ffae9e0e000 	C:\WINDOWS\SYSTEM32\WINHTTP.dll
0x00007ffaf3380000 - 0x00007ffaf33ea000 	C:\WINDOWS\system32\mswsock.dll
0x00007ffacc820000 - 0x00007ffacc836000 	C:\Users\Marck\.vscode\extensions\redhat.java-1.42.0-win32-x64\jre\21.0.7-win32-x86_64\bin\nio.dll
0x00007ffad1ba0000 - 0x00007ffad1bb0000 	c:\Users\Marck\.vscode\extensions\redhat.java-1.42.0-win32-x64\jre\21.0.7-win32-x86_64\bin\verify.dll
0x00007ffa7b180000 - 0x00007ffa7b1c5000 	C:\Users\Marck\AppData\Roaming\Code\User\globalStorage\redhat.java\1.42.0\config_win\org.eclipse.equinox.launcher\org.eclipse.equinox.launcher.win32.win32.x86_64_1.2.1300.v20250331-1702\eclipse_11911.dll
0x00007ffaf6250000 - 0x00007ffaf63ef000 	C:\WINDOWS\System32\ole32.dll
0x00007ffaf3620000 - 0x00007ffaf363c000 	C:\WINDOWS\SYSTEM32\CRYPTSP.dll
0x00007ffaf2cc0000 - 0x00007ffaf2cfa000 	C:\WINDOWS\system32\rsaenh.dll
0x00007ffaf3420000 - 0x00007ffaf344b000 	C:\WINDOWS\SYSTEM32\USERENV.dll
0x00007ffaf3e10000 - 0x00007ffaf3e36000 	C:\WINDOWS\SYSTEM32\bcrypt.dll
0x00007ffaf3640000 - 0x00007ffaf364c000 	C:\WINDOWS\SYSTEM32\CRYPTBASE.dll
0x00007ffaf27a0000 - 0x00007ffaf27d3000 	C:\WINDOWS\SYSTEM32\IPHLPAPI.DLL
0x00007ffaf56b0000 - 0x00007ffaf56ba000 	C:\WINDOWS\System32\NSI.dll
0x00007ffa50430000 - 0x00007ffa50479000 	C:\Users\Marck\AppData\Local\Temp\jna-80278588\jna10057250247453010833.dll
0x00007ffaf6240000 - 0x00007ffaf6248000 	C:\WINDOWS\System32\PSAPI.DLL
0x00007ffae9b40000 - 0x00007ffae9b5f000 	C:\WINDOWS\SYSTEM32\dhcpcsvc6.DLL
0x00007ffae9b10000 - 0x00007ffae9b35000 	C:\WINDOWS\SYSTEM32\dhcpcsvc.DLL

dbghelp: loaded successfully - version: 4.0.5 - missing functions: none
symbol engine: initialized successfully - sym options: 0x614 - pdb path: .;c:\Users\Marck\.vscode\extensions\redhat.java-1.42.0-win32-x64\jre\21.0.7-win32-x86_64\bin;C:\WINDOWS\SYSTEM32;C:\WINDOWS\WinSxS\amd64_microsoft.windows.common-controls_6595b64144ccf1df_6.0.26100.3912_none_3e07963ce335137e;c:\Users\Marck\.vscode\extensions\redhat.java-1.42.0-win32-x64\jre\21.0.7-win32-x86_64\bin\server;C:\Users\Marck\AppData\Roaming\Code\User\globalStorage\redhat.java\1.42.0\config_win\org.eclipse.equinox.launcher\org.eclipse.equinox.launcher.win32.win32.x86_64_1.2.1300.v20250331-1702;C:\Users\Marck\AppData\Local\Temp\jna-80278588

VM Arguments:
jvm_args: --add-modules=ALL-SYSTEM --add-opens=java.base/java.util=ALL-UNNAMED --add-opens=java.base/java.lang=ALL-UNNAMED --add-opens=java.base/sun.nio.fs=ALL-UNNAMED -Declipse.application=org.eclipse.jdt.ls.core.id1 -Dosgi.bundles.defaultStartLevel=4 -Declipse.product=org.eclipse.jdt.ls.core.product -Djava.import.generatesMetadataFilesAtProjectRoot=false -DDetectVMInstallationsJob.disabled=true -Dfile.encoding=utf8 -XX:+UseParallelGC -XX:GCTimeRatio=4 -XX:AdaptiveSizePolicyWeight=90 -Dsun.zip.disableMemoryMapping=true -Xmx1G -Xms100m -Xlog:disable -javaagent:c:\Users\Marck\.vscode\extensions\redhat.java-1.42.0-win32-x64\lombok\lombok-1.18.36.jar -XX:+HeapDumpOnOutOfMemoryError -XX:HeapDumpPath=c:\Users\Marck\AppData\Roaming\Code\User\workspaceStorage\779e8f4d66709563c7134166cadbffef\redhat.java -Daether.dependencyCollector.impl=bf 
java_command: c:\Users\Marck\.vscode\extensions\redhat.java-1.42.0-win32-x64\server\plugins\org.eclipse.equinox.launcher_1.7.0.v20250424-1814.jar -configuration c:\Users\Marck\AppData\Roaming\Code\User\globalStorage\redhat.java\1.42.0\config_win -data c:\Users\Marck\AppData\Roaming\Code\User\workspaceStorage\779e8f4d66709563c7134166cadbffef\redhat.java\jdt_ws --pipe=\\.\pipe\lsp-0324efcc5dd1c68cd3321dd2651c6977-sock
java_class_path (initial): c:\Users\Marck\.vscode\extensions\redhat.java-1.42.0-win32-x64\server\plugins\org.eclipse.equinox.launcher_1.7.0.v20250424-1814.jar
Launcher Type: SUN_STANDARD

[Global flags]
    uintx AdaptiveSizePolicyWeight                 = 90                                        {product} {command line}
     intx CICompilerCount                          = 4                                         {product} {ergonomic}
    uintx GCTimeRatio                              = 4                                         {product} {command line}
     bool HeapDumpOnOutOfMemoryError               = true                                   {manageable} {command line}
    ccstr HeapDumpPath                             = c:\Users\Marck\AppData\Roaming\Code\User\workspaceStorage\779e8f4d66709563c7134166cadbffef\redhat.java         {manageable} {command line}
   size_t InitialHeapSize                          = 104857600                                 {product} {command line}
   size_t MaxHeapSize                              = 1073741824                                {product} {command line}
   size_t MaxNewSize                               = 357564416                                 {product} {ergonomic}
   size_t MinHeapDeltaBytes                        = 524288                                    {product} {ergonomic}
   size_t MinHeapSize                              = 104857600                                 {product} {command line}
   size_t NewSize                                  = 34603008                                  {product} {ergonomic}
    uintx NonNMethodCodeHeapSize                   = 5839372                                {pd product} {ergonomic}
    uintx NonProfiledCodeHeapSize                  = 122909434                              {pd product} {ergonomic}
   size_t OldSize                                  = 70254592                                  {product} {ergonomic}
    uintx ProfiledCodeHeapSize                     = 122909434                              {pd product} {ergonomic}
    uintx ReservedCodeCacheSize                    = 251658240                              {pd product} {ergonomic}
     bool SegmentedCodeCache                       = true                                      {product} {ergonomic}
   size_t SoftMaxHeapSize                          = 1073741824                             {manageable} {ergonomic}
     bool UseCompressedOops                        = true                           {product lp64_product} {ergonomic}
     bool UseLargePagesIndividualAllocation        = false                                  {pd product} {ergonomic}
     bool UseParallelGC                            = true                                      {product} {command line}

Logging:
Log output configuration:
 #0: stdout all=off uptime,level,tags foldmultilines=false
 #1: stderr all=off uptime,level,tags foldmultilines=false

Environment Variables:
JAVA_HOME=C:\AUXI\jdk-21.0.7.6-hotspot
PATH=C:\Program Files (x86)\NVIDIA Corporation\PhysX\Common;C:\AUXI\jdk-21.0.7.6-hotspot\bin;C:\Program Files\Common Files\Oracle\Java\javapath;C:\Program Files (x86)\Razer Chroma SDK\bin;C:\Program Files\Razer Chroma SDK\bin;C:\Program Files (x86)\Razer\ChromaBroadcast\bin;C:\Program Files\Razer\ChromaBroadcast\bin;C:\Windows\system32;C:\Windows;C:\Windows\System32\Wbem;C:\Windows\System32\WindowsPowerShell\v1.0\;C:\Windows\System32\OpenSSH\;C:\Windows\system32\config\systemprofile\AppData\Local\Microsoft\WindowsApps;C:\WINDOWS\system32;C:\WINDOWS;C:\WINDOWS\System32\Wbem;C:\WINDOWS\System32\WindowsPowerShell\v1.0\;C:\WINDOWS\System32\OpenSSH\;C:\WINDOWS\system32\config\systemprofile\AppData\Local\Microsoft\WindowsApps;C:\WINDOWS\system32;C:\WINDOWS;C:\WINDOWS\System32\Wbem;C:\WINDOWS\System32\WindowsPowerShell\v1.0\;C:\WINDOWS\System32\OpenSSH\;C:\Program Files\Microsoft SQL Server\Client SDK\ODBC\170\Tools\Binn\;C:\Program Files (x86)\Microsoft SQL Server\150\Tools\Binn\;C:\Program Files\Microsoft SQL Server\150\Tools\Binn\;C:\Program Files\Microsoft SQL Server\150\DTS\Binn\;C:\Program Files\Azure Data Studio\bin;C:\Program Files\dotnet\;C:\Program Files\Git\cmd;C:\Program Files\nodejs\;C:\Users\Marck\AppData\Local\Programs\Python\Python312\;C:\Users\Marck\AppData\Local\Programs\Python\Python312\Scripts\;C:\MinGW\bin;C:\Users\Marck\scoop\apps\maven\current\bin;C:\Users\Marck\scoop\shims;C:\Users\Marck\.console-ninja\.bin;C:\Users\Marck\AppData\Local\Microsoft\WindowsApps;D:\Microsoft VS Code\bin;C:\Program Files\Azure Data Studio\bin;C:\src\flutter\bin;C:\Users\Marck\AppData\Local\GitHubDesktop\bin;D:\MARCK-J\TRABAJOS\GITHUB;C:\Users\Marck\AppData\Roaming\npm;C:\Users\Marck\AppData\Local\Programs\cider;C:\Users\Marck\AppData\Local\Microsoft\WindowsApps
USERNAME=Stix
OS=Windows_NT
PROCESSOR_IDENTIFIER=AMD64 Family 23 Model 113 Stepping 0, AuthenticAMD
TMP=C:\Users\Marck\AppData\Local\Temp
TEMP=C:\Users\Marck\AppData\Local\Temp




Periodic native trim disabled

---------------  S Y S T E M  ---------------

OS:
 Windows 11 , 64 bit Build 26100 (10.0.26100.3912)
OS uptime: 0 days 16:34 hours

CPU: total 12 (initial active 12) (12 cores per cpu, 2 threads per core) family 23 model 113 stepping 0 microcode 0x8701034, cx8, cmov, fxsr, ht, mmx, 3dnowpref, sse, sse2, sse3, ssse3, sse4a, sse4.1, sse4.2, popcnt, lzcnt, tsc, tscinvbit, avx, avx2, aes, clmul, bmi1, bmi2, adx, sha, fma, vzeroupper, clflush, clflushopt, rdtscp, rdpid, f16c
Processor Information for the first 12 processors :
  Max Mhz: 3600, Current Mhz: 3600, Mhz Limit: 3600

Memory: 4k page, system-wide physical 16296M (3923M free)
TotalPageFile size 31796M (AvailPageFile size 65M)
current process WorkingSet (physical memory assigned to process): 731M, peak: 732M
current process commit charge ("private bytes"): 803M, peak: 806M

vm_info: OpenJDK 64-Bit Server VM (21.0.7+6-LTS) for windows-amd64 JRE (21.0.7+6-LTS), built on 2025-04-15T00:00:00Z by "admin" with MS VC++ 17.7 (VS2022)

END.
